<?xml version="1.0" encoding="UTF-8"?>
<!-- Generated by org.testng.reporters.JUnitXMLReporter -->
<testsuite hostname="QAPLANET-PC" name="sowjanya" tests="6" failures="0" timestamp="9 Feb 2019 06:45:05 GMT" time="40.278" errors="0">
  <testcase name="addEmp" time="30.179" classname="myPack.Sowjanya"/>
  <testcase name="addLocation" time="0.0" classname="myPack.Sowjanya"/>
  <testcase name="deleteEmp" time="0.0" classname="myPack.Sowjanya"/>
  <testcase name="editEmp" time="0.0" classname="myPack.Sowjanya"/>
  <testcase name="editLocation" time="0.0" classname="myPack.Sowjanya"/>
  <testcase name="verifyLogin" time="10.099" classname="myPack.Sowjanya"/>
</testsuite> <!-- sowjanya -->
